00:00:00.000740 main     VirtualBox XPCOM Server 6.0.4 r128164 linux.amd64 (Jan 28 2019 15:36:33) release log
00:00:00.000745 main     Log opened 2019-02-06T17:30:15.019993000Z
00:00:00.000746 main     Build Type: release
00:00:00.000751 main     OS Product: Linux
00:00:00.000754 main     OS Release: 4.20.6-arch1-1-ARCH
00:00:00.000756 main     OS Version: #1 SMP PREEMPT Thu Jan 31 08:22:01 UTC 2019
00:00:00.000806 main     DMI Product Name: Inspiron 3541
00:00:00.000827 main     DMI Product Version: Not Specified
00:00:00.000912 main     Host RAM: 3369MB (3.2GB) total, 2616MB (2.5GB) available
00:00:00.000918 main     Executable: /usr/lib/virtualbox/VBoxSVC
00:00:00.000920 main     Process ID: 16401
00:00:00.000920 main     Package type: LINUX_64BITS_GENERIC (OSE)
00:00:00.005119 main     IPC socket path: /tmp/.vbox-lucca-ipc/ipcd
00:00:00.118536 nspr-2   VirtualBox: object creation starts
00:00:00.118763 nspr-2   Home directory: '/home/lucca/.config/VirtualBox'
00:00:00.119178 nspr-2   Loading settings file "/home/lucca/.config/VirtualBox/VirtualBox.xml" with version "1.14-linux"
00:00:00.151905 nspr-2   NetIfAdpCtlOut: VBoxNetAdpCtl: Error while retrieving link speed for wlp3s0: VBoxNetAdpCtl: ioctl failed: Operation not supported
00:00:00.153097 nspr-2   NAT: resolv.conf: nameserver 201.17.128.247
00:00:00.153131 nspr-2   NAT: resolv.conf: nameserver 201.17.128.239
00:00:00.153154 nspr-2   HostDnsMonitor::updateInfo
00:00:00.153180 nspr-2   HostDnsMonitor: old information
00:00:00.153189 nspr-2     no server entries
00:00:00.153198 nspr-2     no domain set
00:00:00.153205 nspr-2     no search string entries
00:00:00.153213 nspr-2   HostDnsMonitor: new information
00:00:00.153220 nspr-2     server 1: 201.17.128.247
00:00:00.153229 nspr-2     server 2: 201.17.128.239
00:00:00.153238 nspr-2     no domain set
00:00:00.153245 nspr-2     no search string entries
00:00:00.158709 nspr-2   Failed to open "/dev/vboxdrvu", errno=2, rc=VERR_VM_DRIVER_NOT_INSTALLED
00:00:00.159113 nspr-2   VD: VDInit finished with VINF_SUCCESS
00:00:00.159275 nspr-2   ERROR [COM]: aRC=NS_ERROR_FAILURE (0x80004005) aIID={d55176e5-6730-4e9e-fc1f-a59b1f44f78f} aComponent={SystemPropertiesWrap} aText={Cannot determine default Guest Additions ISO location. Most likely they are not available}, preserve=false aResultDetail=0
00:00:00.160081 nspr-2   VirtualBox: object created
00:00:07.751041 main     VirtualBox: object deletion starts
00:00:08.162428 Watcher  ERROR [COM]: aRC=E_ACCESSDENIED (0x80070005) aIID={d0a0163f-e254-4e5b-a1f2-011cf991c38d} aComponent={VirtualBoxWrap} aText={The object is not ready}, preserve=false aResultDetail=0
00:00:12.751762 main     {00007fb10c017ba0} HostPowerServiceLinux::~HostPowerServiceLinux: RTThreadWait() for 5000 ms failed with VERR_TIMEOUT
00:00:12.752241 main     VirtualBox: object deleted
